<?xml version="1.0" encoding="UTF-8"?>
<!-- Generated by org.testng.reporters.JUnitReportReporter -->
<testsuite hostname="DESKTOP-NJMF2GL" failures="0" tests="4" name="Practice02.GetMethod" time="5.358" errors="0" timestamp="2022-09-14T15:05:55 IST" skipped="0">
  <testcase classname="Practice02.GetMethod" name="postMethod" time="0.712"/>
  <system-out/>
  <testcase classname="Practice02.GetMethod" name="putMethod" time="0.637"/>
  <system-out/>
  <testcase classname="Practice02.GetMethod" name="getMethod1" time="0.456"/>
  <system-out/>
  <testcase classname="Practice02.GetMethod" name="GetsingleUser" time="3.553"/>
  <system-out/>
</testsuite> <!-- Practice02.GetMethod -->
