<?xml version="1.0" encoding="UTF-8"?>
<!-- Generated by org.testng.reporters.JUnitReportReporter -->
<testsuite hostname="DESKTOP-NJMF2GL" failures="0" tests="1" name="Practice01.Put_Patch_Delete" time="2.670" errors="0" timestamp="19 Aug 2022 21:37:03 GMT" skipped="0">
  <testcase classname="Practice01.Put_Patch_Delete" name="deleteMethod" time="2.670"/>
</testsuite> <!-- Practice01.Put_Patch_Delete -->
