<?xml version="1.0" encoding="UTF-8"?>
<!-- Generated by org.testng.reporters.JUnitReportReporter -->
<testsuite hostname="DESKTOP-NJMF2GL" failures="0" tests="4" name="Practice01.GetAndPost" time="14.040" errors="0" timestamp="25 Aug 2022 22:40:02 GMT" skipped="0">
  <testcase classname="Practice01.GetAndPost" name="getMethod" time="12.338"/>
  <testcase classname="Practice01.GetAndPost" name="postMethod" time="0.937"/>
  <testcase classname="Practice01.GetAndPost" name="putMethod" time="0.499"/>
  <testcase classname="Practice01.GetAndPost" name="get2" time="0.266"/>
</testsuite> <!-- Practice01.GetAndPost -->
