<?xml version="1.0" encoding="UTF-8"?>
<!-- Generated by org.testng.reporters.JUnitReportReporter -->
<testsuite hostname="DESKTOP-NJMF2GL" failures="0" tests="1" name="Practice01.Practice02" time="2.600" errors="0" timestamp="28 Aug 2022 09:25:21 GMT" skipped="0">
  <testcase classname="Practice01.Practice02" name="getMethod" time="2.600"/>
</testsuite> <!-- Practice01.Practice02 -->
