<?xml version="1.0" encoding="UTF-8"?>
<!-- Generated by org.testng.reporters.JUnitReportReporter -->
<testsuite hostname="DESKTOP-NJMF2GL" failures="0" tests="1" name="Practice01.Example01" time="0.012" errors="0" timestamp="18 Aug 2022 22:13:38 GMT" skipped="0">
  <testcase classname="Practice01.Example01" name="getWeatherDetails" time="0.012"/>
</testsuite> <!-- Practice01.Example01 -->
