<?xml version="1.0" encoding="UTF-8"?>
<!-- Generated by org.testng.reporters.JUnitReportReporter -->
<testsuite hostname="DESKTOP-NJMF2GL" failures="0" tests="1" name="Practice02.PostMethod" time="3.026" errors="0" timestamp="28 Aug 2022 22:44:20 GMT" skipped="0">
  <testcase classname="Practice02.PostMethod" name="postMethod" time="3.026"/>
</testsuite> <!-- Practice02.PostMethod -->
