<?xml version="1.0" encoding="UTF-8"?>
<!-- Generated by org.testng.reporters.JUnitReportReporter -->
<testsuite hostname="DESKTOP-NJMF2GL" failures="0" tests="1" name="Practice02.GetMethod" time="6.046" errors="0" timestamp="28 Aug 2022 21:18:22 GMT" skipped="0">
  <testcase classname="Practice02.GetMethod" name="getMethod3" time="6.046"/>
</testsuite> <!-- Practice02.GetMethod -->
