<?xml version="1.0" encoding="UTF-8"?>
<!-- Generated by org.testng.reporters.JUnitReportReporter -->
<testsuite hostname="DESKTOP-NJMF2GL" failures="0" tests="2" name="Practice01.EX01" time="4.779" errors="0" timestamp="19 Aug 2022 20:36:29 GMT" skipped="0">
  <testcase classname="Practice01.EX01" name="test02" time="1.665"/>
  <testcase classname="Practice01.EX01" name="test01" time="3.114"/>
</testsuite> <!-- Practice01.EX01 -->
