<?xml version="1.0" encoding="UTF-8"?>
<!-- Generated by org.testng.reporters.JUnitReportReporter -->
<testsuite hostname="DESKTOP-NJMF2GL" failures="0" tests="1" name="Practice01.practice01" time="0.015" errors="0" timestamp="2022-10-03T16:03:04 IST" skipped="0">
  <testcase classname="Practice01.practice01" name="assessment" time="0.015"/>
  <system-out/>
</testsuite> <!-- Practice01.practice01 -->
